<?xml version="1.0" encoding="UTF-8" ?>
<testsuites name="vitest tests" tests="78" failures="0" errors="0" time="4.7776803">
    <testsuite name="src/app/app.spec.ts" timestamp="2025-12-01T23:00:22.559Z" hostname="DESKTOP-9J60L9L" tests="3" failures="0" errors="0" skipped="0" time="0.0998477">
        <testcase classname="src/app/app.spec.ts" name="App &gt; should create the app" time="0.0710287">
        </testcase>
        <testcase classname="src/app/app.spec.ts" name="App &gt; should render a router outlet" time="0.0179155">
        </testcase>
        <testcase classname="src/app/app.spec.ts" name="App &gt; should call AOS.init on ngOnInit" time="0.0083143">
        </testcase>
    </testsuite>
    <testsuite name="src/app/layout/main-layout/main-layout.component.spec.ts" timestamp="2025-12-01T23:00:22.561Z" hostname="DESKTOP-9J60L9L" tests="2" failures="0" errors="0" skipped="0" time="0.3340599">
        <testcase classname="src/app/layout/main-layout/main-layout.component.spec.ts" name="MainLayoutComponent &gt; should create the layout component" time="0.2981165">
        </testcase>
        <testcase classname="src/app/layout/main-layout/main-layout.component.spec.ts" name="MainLayoutComponent &gt; should render navbar, router-outlet, and footer" time="0.0315901">
        </testcase>
    </testsuite>
    <testsuite name="src/app/features/home/home.component.spec.ts" timestamp="2025-12-01T23:00:22.562Z" hostname="DESKTOP-9J60L9L" tests="2" failures="0" errors="0" skipped="0" time="0.4082191">
        <testcase classname="src/app/features/home/home.component.spec.ts" name="HomeComponent &gt; should create the component" time="0.2738833">
        </testcase>
        <testcase classname="src/app/features/home/home.component.spec.ts" name="HomeComponent &gt; should render all homepage components" time="0.13199">
        </testcase>
    </testsuite>
    <testsuite name="src/app/features/jobs/jobs.service.spec.ts" timestamp="2025-12-01T23:00:22.563Z" hostname="DESKTOP-9J60L9L" tests="1" failures="0" errors="0" skipped="0" time="0.0384543">
        <testcase classname="src/app/features/jobs/jobs.service.spec.ts" name="JobsService &gt; should fetch recommended jobs by userId" time="0.0358302">
        </testcase>
    </testsuite>
    <testsuite name="src/app/shared/pipes/time-ago.pipe.spec.ts" timestamp="2025-12-01T23:00:22.563Z" hostname="DESKTOP-9J60L9L" tests="5" failures="0" errors="0" skipped="0" time="0.0093178">
        <testcase classname="src/app/shared/pipes/time-ago.pipe.spec.ts" name="TimeAgoPipe &gt; should return empty string if no value is provided" time="0.0050018">
        </testcase>
        <testcase classname="src/app/shared/pipes/time-ago.pipe.spec.ts" name="TimeAgoPipe &gt; should return &quot;Just now&quot; when less than 1 minute ago" time="0.0005761">
        </testcase>
        <testcase classname="src/app/shared/pipes/time-ago.pipe.spec.ts" name="TimeAgoPipe &gt; should return minutes ago" time="0.000396">
        </testcase>
        <testcase classname="src/app/shared/pipes/time-ago.pipe.spec.ts" name="TimeAgoPipe &gt; should return hours ago" time="0.0003025">
        </testcase>
        <testcase classname="src/app/shared/pipes/time-ago.pipe.spec.ts" name="TimeAgoPipe &gt; should return days ago" time="0.0002779">
        </testcase>
    </testsuite>
    <testsuite name="src/app/features/home/call-to-action-section/call-to-action-section.component.spec.ts" timestamp="2025-12-01T23:00:22.564Z" hostname="DESKTOP-9J60L9L" tests="5" failures="0" errors="0" skipped="0" time="0.1413299">
        <testcase classname="src/app/features/home/call-to-action-section/call-to-action-section.component.spec.ts" name="CallToActionSectionComponent &gt; it should create the component" time="0.1026484">
        </testcase>
        <testcase classname="src/app/features/home/call-to-action-section/call-to-action-section.component.spec.ts" name="CallToActionSectionComponent &gt; should render the title" time="0.0094922">
        </testcase>
        <testcase classname="src/app/features/home/call-to-action-section/call-to-action-section.component.spec.ts" name="CallToActionSectionComponent &gt; should render the description" time="0.0068985">
        </testcase>
        <testcase classname="src/app/features/home/call-to-action-section/call-to-action-section.component.spec.ts" name="CallToActionSectionComponent &gt; should render the call to action button" time="0.0070932">
        </testcase>
        <testcase classname="src/app/features/home/call-to-action-section/call-to-action-section.component.spec.ts" name="CallToActionSectionComponent &gt; should render the background visual elements" time="0.0126966">
        </testcase>
    </testsuite>
    <testsuite name="src/app/features/home/carousel-section/carousel-section.component.spec.ts" timestamp="2025-12-01T23:00:22.565Z" hostname="DESKTOP-9J60L9L" tests="4" failures="0" errors="0" skipped="0" time="0.3468733">
        <testcase classname="src/app/features/home/carousel-section/carousel-section.component.spec.ts" name="CarouselSectionComponent &gt; should create the component" time="0.2242809">
        </testcase>
        <testcase classname="src/app/features/home/carousel-section/carousel-section.component.spec.ts" name="CarouselSectionComponent &gt; should have 5 testmonials defined" time="0.023059">
        </testcase>
        <testcase classname="src/app/features/home/carousel-section/carousel-section.component.spec.ts" name="CarouselSectionComponent &gt; should render all testimonials twice for seamless loop" time="0.0410551">
        </testcase>
        <testcase classname="src/app/features/home/carousel-section/carousel-section.component.spec.ts" name="CarouselSectionComponent &gt; should render testimonial name and role correctly" time="0.0560039">
        </testcase>
    </testsuite>
    <testsuite name="src/app/features/home/hero-section/hero-section.component.spec.ts" timestamp="2025-12-01T23:00:22.568Z" hostname="DESKTOP-9J60L9L" tests="7" failures="0" errors="0" skipped="0" time="0.2345523">
        <testcase classname="src/app/features/home/hero-section/hero-section.component.spec.ts" name="HeroSectionComponent &gt; should create the component" time="0.1502927">
        </testcase>
        <testcase classname="src/app/features/home/hero-section/hero-section.component.spec.ts" name="HeroSectionComponent &gt; should render correct heading text" time="0.0174652">
        </testcase>
        <testcase classname="src/app/features/home/hero-section/hero-section.component.spec.ts" name="HeroSectionComponent &gt; should render subtext correctly" time="0.0119697">
        </testcase>
        <testcase classname="src/app/features/home/hero-section/hero-section.component.spec.ts" name="HeroSectionComponent &gt; should have &quot;Explore Jobs&quot; with correct routerLink" time="0.0120981">
        </testcase>
        <testcase classname="src/app/features/home/hero-section/hero-section.component.spec.ts" name="HeroSectionComponent &gt; should have &quot;Create Profile&quot; link with correct routerLink" time="0.0080553">
        </testcase>
        <testcase classname="src/app/features/home/hero-section/hero-section.component.spec.ts" name="HeroSectionComponent &gt; should render hero image with alt text and src" time="0.0140679">
        </testcase>
        <testcase classname="src/app/features/home/hero-section/hero-section.component.spec.ts" name="HeroSectionComponent &gt; should call AOS.init on ngOnInit" time="0.0117011">
        </testcase>
    </testsuite>
    <testsuite name="src/app/features/home/how-it-works-section/how-it-works-section.component.spec.ts" timestamp="2025-12-01T23:00:22.569Z" hostname="DESKTOP-9J60L9L" tests="6" failures="0" errors="0" skipped="0" time="0.3368065">
        <testcase classname="src/app/features/home/how-it-works-section/how-it-works-section.component.spec.ts" name="HowItWorksSectionComponent &gt; should create the component" time="0.209415">
        </testcase>
        <testcase classname="src/app/features/home/how-it-works-section/how-it-works-section.component.spec.ts" name="HowItWorksSectionComponent &gt; should render 3 steps" time="0.0254554">
        </testcase>
        <testcase classname="src/app/features/home/how-it-works-section/how-it-works-section.component.spec.ts" name="HowItWorksSectionComponent &gt; should render correct titles and descriptions for each step" time="0.0279244">
        </testcase>
        <testcase classname="src/app/features/home/how-it-works-section/how-it-works-section.component.spec.ts" name="HowItWorksSectionComponent &gt; should inject save SVG into each step" time="0.0304547">
        </testcase>
        <testcase classname="src/app/features/home/how-it-works-section/how-it-works-section.component.spec.ts" name="HowItWorksSectionComponent &gt; should set data-delay attribute on each step" time="0.0255933">
        </testcase>
        <testcase classname="src/app/features/home/how-it-works-section/how-it-works-section.component.spec.ts" name="HowItWorksSectionComponent &gt; should sanitize SVG string correctly" time="0.0154084">
        </testcase>
    </testsuite>
    <testsuite name="src/app/features/jobs/job-card/job-card.component.spec.ts" timestamp="2025-12-01T23:00:22.571Z" hostname="DESKTOP-9J60L9L" tests="10" failures="0" errors="0" skipped="0" time="0.7426515">
        <testcase classname="src/app/features/jobs/job-card/job-card.component.spec.ts" name="JobCardComponent &gt; should create component" time="0.3434829">
        </testcase>
        <testcase classname="src/app/features/jobs/job-card/job-card.component.spec.ts" name="JobCardComponent &gt; togglePopup should switch isPopupOpen" time="0.0197767">
            <system-out>
TOGGLE POPUP FIRED
TOGGLE POPUP FIRED

            </system-out>
        </testcase>
        <testcase classname="src/app/features/jobs/job-card/job-card.component.spec.ts" name="JobCardComponent &gt; closePopup should set isPopupOpen to false" time="0.0179713">
        </testcase>
        <testcase classname="src/app/features/jobs/job-card/job-card.component.spec.ts" name="JobCardComponent &gt; should show the AI popup when isPopupOpen = true" time="0.0427">
        </testcase>
        <testcase classname="src/app/features/jobs/job-card/job-card.component.spec.ts" name="JobCardComponent &gt; should hide the AI popup when isPopupOpen = false" time="0.0349235">
        </testcase>
        <testcase classname="src/app/features/jobs/job-card/job-card.component.spec.ts" name="JobCardComponent &gt; should close popup when clicking outside" time="0.0433423">
        </testcase>
        <testcase classname="src/app/features/jobs/job-card/job-card.component.spec.ts" name="JobCardComponent &gt; should NOT close popup when clicking inside popup" time="0.1015815">
        </testcase>
        <testcase classname="src/app/features/jobs/job-card/job-card.component.spec.ts" name="JobCardComponent &gt; getJobSummary should return the first sentence" time="0.0672225">
        </testcase>
        <testcase classname="src/app/features/jobs/job-card/job-card.component.spec.ts" name="JobCardComponent &gt; getJobSummary should truncate long sentences" time="0.0485582">
        </testcase>
        <testcase classname="src/app/features/jobs/job-card/job-card.component.spec.ts" name="JobCardComponent &gt; getJobSummary should return empty string if no description" time="0.0192015">
        </testcase>
    </testsuite>
    <testsuite name="src/app/features/jobs/jobs-list/jobs-list.component.spec.ts" timestamp="2025-12-01T23:00:22.574Z" hostname="DESKTOP-9J60L9L" tests="2" failures="0" errors="0" skipped="0" time="0.3853707">
        <testcase classname="src/app/features/jobs/jobs-list/jobs-list.component.spec.ts" name="JobsListComponent &gt; should load jobs on init and update the state" time="0.3547125">
        </testcase>
        <testcase classname="src/app/features/jobs/jobs-list/jobs-list.component.spec.ts" name="JobsListComponent &gt; should log error and set isLoading=false when API fails" time="0.0283372">
        </testcase>
    </testsuite>
    <testsuite name="src/app/shared/components/footer/footer.component.spec.ts" timestamp="2025-12-01T23:00:22.574Z" hostname="DESKTOP-9J60L9L" tests="7" failures="0" errors="0" skipped="0" time="0.2805893">
        <testcase classname="src/app/shared/components/footer/footer.component.spec.ts" name="FooterComponent &gt; should create the component" time="0.1321785">
        </testcase>
        <testcase classname="src/app/shared/components/footer/footer.component.spec.ts" name="FooterComponent &gt; should render current year correctly" time="0.0178615">
        </testcase>
        <testcase classname="src/app/shared/components/footer/footer.component.spec.ts" name="FooterComponent &gt; should render CareerPath brand section" time="0.0239363">
        </testcase>
        <testcase classname="src/app/shared/components/footer/footer.component.spec.ts" name="FooterComponent &gt; should render contact information" time="0.0101629">
        </testcase>
        <testcase classname="src/app/shared/components/footer/footer.component.spec.ts" name="FooterComponent &gt; should have routerLink to /jobs and /profile" time="0.044559">
        </testcase>
        <testcase classname="src/app/shared/components/footer/footer.component.spec.ts" name="FooterComponent &gt; should scroll to top on logo button click" time="0.0312091">
        </testcase>
        <testcase classname="src/app/shared/components/footer/footer.component.spec.ts" name="FooterComponent &gt; should render 3 social media icons with correct links" time="0.0142795">
        </testcase>
    </testsuite>
    <testsuite name="src/app/shared/components/navbar/navbar.component.spec.ts" timestamp="2025-12-01T23:00:22.575Z" hostname="DESKTOP-9J60L9L" tests="5" failures="0" errors="0" skipped="0" time="0.5309124">
        <testcase classname="src/app/shared/components/navbar/navbar.component.spec.ts" name="NavbarComponent &gt; should create the component" time="0.3008142">
        </testcase>
        <testcase classname="src/app/shared/components/navbar/navbar.component.spec.ts" name="NavbarComponent &gt; should display the logo image" time="0.0430061">
        </testcase>
        <testcase classname="src/app/shared/components/navbar/navbar.component.spec.ts" name="NavbarComponent &gt; should have routerLink for Jobs, Dashboard, and Profile" time="0.0219276">
        </testcase>
        <testcase classname="src/app/shared/components/navbar/navbar.component.spec.ts" name="NavbarComponent &gt; should have routerLink for Login and Sign Up" time="0.020524">
        </testcase>
        <testcase classname="src/app/shared/components/navbar/navbar.component.spec.ts" name="NavbarComponent &gt; should toggle mobile menu visibility in the DOM" time="0.1412133">
        </testcase>
    </testsuite>
    <testsuite name="src/app/features/jobs/job-card/job-ai-popup/job-ai-popup.component.spec.ts" timestamp="2025-12-01T23:00:22.576Z" hostname="DESKTOP-9J60L9L" tests="2" failures="0" errors="0" skipped="0" time="0.1413784">
        <testcase classname="src/app/features/jobs/job-card/job-ai-popup/job-ai-popup.component.spec.ts" name="JobAiPopupComponent &gt; should display the explanation text" time="0.1254783">
        </testcase>
        <testcase classname="src/app/features/jobs/job-card/job-ai-popup/job-ai-popup.component.spec.ts" name="JobAiPopupComponent &gt; should emit close event when clicking the button" time="0.0131874">
        </testcase>
    </testsuite>
    <testsuite name="src/app/features/jobs/job-card/job-score/job-score.component.spec.ts" timestamp="2025-12-01T23:00:22.577Z" hostname="DESKTOP-9J60L9L" tests="5" failures="0" errors="0" skipped="0" time="0.2666115">
        <testcase classname="src/app/features/jobs/job-card/job-score/job-score.component.spec.ts" name="JobScoreComponent &gt; should display the score as a percentage" time="0.1985345">
        </testcase>
        <testcase classname="src/app/features/jobs/job-card/job-score/job-score.component.spec.ts" name="JobScoreComponent &gt; should apply green color when score &gt;= 0.75" time="0.015822">
        </testcase>
        <testcase classname="src/app/features/jobs/job-card/job-score/job-score.component.spec.ts" name="JobScoreComponent &gt; should apply yellow color when 0.4 &lt;= score &lt; 0.75" time="0.0077648">
        </testcase>
        <testcase classname="src/app/features/jobs/job-card/job-score/job-score.component.spec.ts" name="JobScoreComponent &gt; should apply red color when score &lt; 0.4" time="0.0093396">
        </testcase>
        <testcase classname="src/app/features/jobs/job-card/job-score/job-score.component.spec.ts" name="JobScoreComponent &gt; should emit infoClick when AI icon is clicked" time="0.032688">
        </testcase>
    </testsuite>
    <testsuite name="src/app/features/jobs/job-card/job-skills/job-skills.component.spec.ts" timestamp="2025-12-01T23:00:22.578Z" hostname="DESKTOP-9J60L9L" tests="4" failures="0" errors="0" skipped="0" time="0.1760003">
        <testcase classname="src/app/features/jobs/job-card/job-skills/job-skills.component.spec.ts" name="JobSkillsComponent &gt; should display matched skills" time="0.1459293">
        </testcase>
        <testcase classname="src/app/features/jobs/job-card/job-skills/job-skills.component.spec.ts" name="JobSkillsComponent &gt; should display missing skills" time="0.0091583">
        </testcase>
        <testcase classname="src/app/features/jobs/job-card/job-skills/job-skills.component.spec.ts" name="JobSkillsComponent &gt; should show overflow text when skills &gt; 4" time="0.0120249">
        </testcase>
        <testcase classname="src/app/features/jobs/job-card/job-skills/job-skills.component.spec.ts" name="JobSkillsComponent &gt; should NOT show overflow text when skills &lt;= 4" time="0.0058205">
        </testcase>
    </testsuite>
    <testsuite name="src/app/features/jobs/job-card/job-tags/job-tags.component.spec.ts" timestamp="2025-12-01T23:00:22.579Z" hostname="DESKTOP-9J60L9L" tests="8" failures="0" errors="0" skipped="0" time="0.3047054">
        <testcase classname="src/app/features/jobs/job-card/job-tags/job-tags.component.spec.ts" name="JobTagsComponent &gt; should display location" time="0.1970236">
        </testcase>
        <testcase classname="src/app/features/jobs/job-card/job-tags/job-tags.component.spec.ts" name="JobTagsComponent &gt; should show &quot;Remote&quot; tag when type is REMOTE" time="0.0222046">
        </testcase>
        <testcase classname="src/app/features/jobs/job-card/job-tags/job-tags.component.spec.ts" name="JobTagsComponent &gt; should show &quot;Hybrid&quot; tag when type is HYBRID" time="0.0225295">
        </testcase>
        <testcase classname="src/app/features/jobs/job-card/job-tags/job-tags.component.spec.ts" name="JobTagsComponent &gt; should show formatted job type when not remote/hybrid" time="0.0102755">
        </testcase>
        <testcase classname="src/app/features/jobs/job-card/job-tags/job-tags.component.spec.ts" name="JobTagsComponent &gt; isRemote should correctly detect REMOTE" time="0.0083684">
        </testcase>
        <testcase classname="src/app/features/jobs/job-card/job-tags/job-tags.component.spec.ts" name="JobTagsComponent &gt; isHybrid should correctly detect HYBRID" time="0.0161119">
        </testcase>
        <testcase classname="src/app/features/jobs/job-card/job-tags/job-tags.component.spec.ts" name="JobTagsComponent &gt; formatJobType should format strings correctly" time="0.0079148">
        </testcase>
        <testcase classname="src/app/features/jobs/job-card/job-tags/job-tags.component.spec.ts" name="JobTagsComponent &gt; formatJobType should return empty string when type is null/undefined" time="0.0142145">
        </testcase>
    </testsuite>
</testsuites>
