<?xml version="1.0" encoding="UTF-8" ?>
<testsuites name="vitest tests" tests="79" failures="0" errors="0" time="4.0723543">
    <testsuite name="src/app/app.spec.ts" timestamp="2025-11-25T01:32:42.568Z" hostname="DESKTOP-9J60L9L" tests="3" failures="0" errors="0" skipped="0" time="0.0786742">
        <testcase classname="src/app/app.spec.ts" name="App &gt; should create the app" time="0.0590465">
        </testcase>
        <testcase classname="src/app/app.spec.ts" name="App &gt; should render a router outlet" time="0.009781">
        </testcase>
        <testcase classname="src/app/app.spec.ts" name="App &gt; should call AOS.init on ngOnInit" time="0.0069895">
        </testcase>
    </testsuite>
    <testsuite name="src/app/features/home/home.component.spec.ts" timestamp="2025-11-25T01:32:42.570Z" hostname="DESKTOP-9J60L9L" tests="2" failures="0" errors="0" skipped="0" time="0.3924302">
        <testcase classname="src/app/features/home/home.component.spec.ts" name="HomeComponent &gt; should create the component" time="0.2899329">
        </testcase>
        <testcase classname="src/app/features/home/home.component.spec.ts" name="HomeComponent &gt; should render all homepage components" time="0.0991914">
        </testcase>
    </testsuite>
    <testsuite name="src/app/features/jobs/jobs.service.spec.ts" timestamp="2025-11-25T01:32:42.571Z" hostname="DESKTOP-9J60L9L" tests="1" failures="0" errors="0" skipped="0" time="0.0233622">
        <testcase classname="src/app/features/jobs/jobs.service.spec.ts" name="JobsService &gt; should fetch recommended jobs by userId" time="0.0208186">
        </testcase>
    </testsuite>
    <testsuite name="src/app/layout/main-layout/main-layout.component.spec.ts" timestamp="2025-11-25T01:32:42.571Z" hostname="DESKTOP-9J60L9L" tests="2" failures="0" errors="0" skipped="0" time="0.2620089">
        <testcase classname="src/app/layout/main-layout/main-layout.component.spec.ts" name="MainLayoutComponent &gt; should create the layout component" time="0.2346019">
        </testcase>
        <testcase classname="src/app/layout/main-layout/main-layout.component.spec.ts" name="MainLayoutComponent &gt; should render navbar, router-outlet, and footer" time="0.0252181">
        </testcase>
    </testsuite>
    <testsuite name="src/app/shared/pipes/time-ago.pipe.spec.ts" timestamp="2025-11-25T01:32:42.572Z" hostname="DESKTOP-9J60L9L" tests="5" failures="0" errors="0" skipped="0" time="0.0073764">
        <testcase classname="src/app/shared/pipes/time-ago.pipe.spec.ts" name="TimeAgoPipe &gt; should return empty string if no value is provided" time="0.0030263">
        </testcase>
        <testcase classname="src/app/shared/pipes/time-ago.pipe.spec.ts" name="TimeAgoPipe &gt; should return &quot;Just now&quot; when less than 1 minute ago" time="0.0005046">
        </testcase>
        <testcase classname="src/app/shared/pipes/time-ago.pipe.spec.ts" name="TimeAgoPipe &gt; should return minutes ago" time="0.0003521">
        </testcase>
        <testcase classname="src/app/shared/pipes/time-ago.pipe.spec.ts" name="TimeAgoPipe &gt; should return hours ago" time="0.0002991">
        </testcase>
        <testcase classname="src/app/shared/pipes/time-ago.pipe.spec.ts" name="TimeAgoPipe &gt; should return days ago" time="0.0002731">
        </testcase>
    </testsuite>
    <testsuite name="src/app/features/home/call-to-action-section/call-to-action-section.component.spec.ts" timestamp="2025-11-25T01:32:42.573Z" hostname="DESKTOP-9J60L9L" tests="5" failures="0" errors="0" skipped="0" time="0.1797024">
        <testcase classname="src/app/features/home/call-to-action-section/call-to-action-section.component.spec.ts" name="CallToActionSectionComponent &gt; it should create the component" time="0.1334294">
        </testcase>
        <testcase classname="src/app/features/home/call-to-action-section/call-to-action-section.component.spec.ts" name="CallToActionSectionComponent &gt; should render the title" time="0.011878">
        </testcase>
        <testcase classname="src/app/features/home/call-to-action-section/call-to-action-section.component.spec.ts" name="CallToActionSectionComponent &gt; should render the description" time="0.0095688">
        </testcase>
        <testcase classname="src/app/features/home/call-to-action-section/call-to-action-section.component.spec.ts" name="CallToActionSectionComponent &gt; should render the call to action button" time="0.0108424">
        </testcase>
        <testcase classname="src/app/features/home/call-to-action-section/call-to-action-section.component.spec.ts" name="CallToActionSectionComponent &gt; should render the background visual elements" time="0.0103799">
        </testcase>
    </testsuite>
    <testsuite name="src/app/features/home/carousel-section/carousel-section.component.spec.ts" timestamp="2025-11-25T01:32:42.575Z" hostname="DESKTOP-9J60L9L" tests="4" failures="0" errors="0" skipped="0" time="0.3150119">
        <testcase classname="src/app/features/home/carousel-section/carousel-section.component.spec.ts" name="CarouselSectionComponent &gt; should create the component" time="0.2000287">
        </testcase>
        <testcase classname="src/app/features/home/carousel-section/carousel-section.component.spec.ts" name="CarouselSectionComponent &gt; should have 5 testmonials defined" time="0.0289754">
        </testcase>
        <testcase classname="src/app/features/home/carousel-section/carousel-section.component.spec.ts" name="CarouselSectionComponent &gt; should render all testimonials twice for seamless loop" time="0.0452365">
        </testcase>
        <testcase classname="src/app/features/home/carousel-section/carousel-section.component.spec.ts" name="CarouselSectionComponent &gt; should render testimonial name and role correctly" time="0.0379938">
        </testcase>
    </testsuite>
    <testsuite name="src/app/features/home/hero-section/hero-section.component.spec.ts" timestamp="2025-11-25T01:32:42.576Z" hostname="DESKTOP-9J60L9L" tests="7" failures="0" errors="0" skipped="0" time="0.2337813">
        <testcase classname="src/app/features/home/hero-section/hero-section.component.spec.ts" name="HeroSectionComponent &gt; should create the component" time="0.1332244">
        </testcase>
        <testcase classname="src/app/features/home/hero-section/hero-section.component.spec.ts" name="HeroSectionComponent &gt; should render correct heading text" time="0.0176058">
        </testcase>
        <testcase classname="src/app/features/home/hero-section/hero-section.component.spec.ts" name="HeroSectionComponent &gt; should render subtext correctly" time="0.0124825">
        </testcase>
        <testcase classname="src/app/features/home/hero-section/hero-section.component.spec.ts" name="HeroSectionComponent &gt; should have &quot;Explore Jobs&quot; with correct routerLink" time="0.0199888">
        </testcase>
        <testcase classname="src/app/features/home/hero-section/hero-section.component.spec.ts" name="HeroSectionComponent &gt; should have &quot;Create Profile&quot; link with correct routerLink" time="0.0165277">
        </testcase>
        <testcase classname="src/app/features/home/hero-section/hero-section.component.spec.ts" name="HeroSectionComponent &gt; should render hero image with alt text and src" time="0.0180669">
        </testcase>
        <testcase classname="src/app/features/home/hero-section/hero-section.component.spec.ts" name="HeroSectionComponent &gt; should call AOS.init on ngOnInit" time="0.0129374">
        </testcase>
    </testsuite>
    <testsuite name="src/app/features/home/how-it-works-section/how-it-works-section.component.spec.ts" timestamp="2025-11-25T01:32:42.576Z" hostname="DESKTOP-9J60L9L" tests="6" failures="0" errors="0" skipped="0" time="0.3651886">
        <testcase classname="src/app/features/home/how-it-works-section/how-it-works-section.component.spec.ts" name="HowItWorksSectionComponent &gt; should create the component" time="0.2411407">
        </testcase>
        <testcase classname="src/app/features/home/how-it-works-section/how-it-works-section.component.spec.ts" name="HowItWorksSectionComponent &gt; should render 3 steps" time="0.03646">
        </testcase>
        <testcase classname="src/app/features/home/how-it-works-section/how-it-works-section.component.spec.ts" name="HowItWorksSectionComponent &gt; should render correct titles and descriptions for each step" time="0.0296261">
        </testcase>
        <testcase classname="src/app/features/home/how-it-works-section/how-it-works-section.component.spec.ts" name="HowItWorksSectionComponent &gt; should inject save SVG into each step" time="0.0228525">
        </testcase>
        <testcase classname="src/app/features/home/how-it-works-section/how-it-works-section.component.spec.ts" name="HowItWorksSectionComponent &gt; should set data-delay attribute on each step" time="0.0213213">
        </testcase>
        <testcase classname="src/app/features/home/how-it-works-section/how-it-works-section.component.spec.ts" name="HowItWorksSectionComponent &gt; should sanitize SVG string correctly" time="0.0112576">
        </testcase>
    </testsuite>
    <testsuite name="src/app/features/jobs/jobs-list/jobs-list.component.spec.ts" timestamp="2025-11-25T01:32:42.577Z" hostname="DESKTOP-9J60L9L" tests="3" failures="0" errors="0" skipped="0" time="0.352468">
        <testcase classname="src/app/features/jobs/jobs-list/jobs-list.component.spec.ts" name="JobsListComponent &gt; should create the component" time="0.2467544">
        </testcase>
        <testcase classname="src/app/features/jobs/jobs-list/jobs-list.component.spec.ts" name="JobsListComponent &gt; should load jobs on init and update the state" time="0.0699582">
        </testcase>
        <testcase classname="src/app/features/jobs/jobs-list/jobs-list.component.spec.ts" name="JobsListComponent &gt; should log error and set isLoading=false when API fails" time="0.0333484">
        </testcase>
    </testsuite>
    <testsuite name="src/app/shared/components/footer/footer.component.spec.ts" timestamp="2025-11-25T01:32:42.578Z" hostname="DESKTOP-9J60L9L" tests="7" failures="0" errors="0" skipped="0" time="0.2744619">
        <testcase classname="src/app/shared/components/footer/footer.component.spec.ts" name="FooterComponent &gt; should create the component" time="0.1738529">
        </testcase>
        <testcase classname="src/app/shared/components/footer/footer.component.spec.ts" name="FooterComponent &gt; should render current year correctly" time="0.012189">
        </testcase>
        <testcase classname="src/app/shared/components/footer/footer.component.spec.ts" name="FooterComponent &gt; should render CareerPath brand section" time="0.0206003">
        </testcase>
        <testcase classname="src/app/shared/components/footer/footer.component.spec.ts" name="FooterComponent &gt; should render contact information" time="0.0095709">
        </testcase>
        <testcase classname="src/app/shared/components/footer/footer.component.spec.ts" name="FooterComponent &gt; should have routerLink to /jobs and /profile" time="0.0134259">
        </testcase>
        <testcase classname="src/app/shared/components/footer/footer.component.spec.ts" name="FooterComponent &gt; should scroll to top on logo button click" time="0.0257338">
        </testcase>
        <testcase classname="src/app/shared/components/footer/footer.component.spec.ts" name="FooterComponent &gt; should render 3 social media icons with correct links" time="0.0156959">
        </testcase>
    </testsuite>
    <testsuite name="src/app/shared/components/navbar/navbar.component.spec.ts" timestamp="2025-11-25T01:32:42.579Z" hostname="DESKTOP-9J60L9L" tests="5" failures="0" errors="0" skipped="0" time="0.3261568">
        <testcase classname="src/app/shared/components/navbar/navbar.component.spec.ts" name="NavbarComponent &gt; should create the component" time="0.1922654">
        </testcase>
        <testcase classname="src/app/shared/components/navbar/navbar.component.spec.ts" name="NavbarComponent &gt; should display the logo image" time="0.0185311">
        </testcase>
        <testcase classname="src/app/shared/components/navbar/navbar.component.spec.ts" name="NavbarComponent &gt; should have routerLink for Jobs, Dashboard, and Profile" time="0.0187678">
        </testcase>
        <testcase classname="src/app/shared/components/navbar/navbar.component.spec.ts" name="NavbarComponent &gt; should have routerLink for Login and Sign Up" time="0.0141852">
        </testcase>
        <testcase classname="src/app/shared/components/navbar/navbar.component.spec.ts" name="NavbarComponent &gt; should toggle mobile menu visibility in the DOM" time="0.0796136">
        </testcase>
    </testsuite>
    <testsuite name="src/app/features/jobs/job-card/job-card.component.spec.ts" timestamp="2025-11-25T01:32:42.580Z" hostname="DESKTOP-9J60L9L" tests="10" failures="0" errors="0" skipped="0" time="0.5250018">
        <testcase classname="src/app/features/jobs/job-card/job-card.component.spec.ts" name="JobCardComponent &gt; should create component" time="0.2995245">
        </testcase>
        <testcase classname="src/app/features/jobs/job-card/job-card.component.spec.ts" name="JobCardComponent &gt; togglePopup should switch isPopupOpen" time="0.0290069">
        </testcase>
        <testcase classname="src/app/features/jobs/job-card/job-card.component.spec.ts" name="JobCardComponent &gt; closePopup should set isPopupOpen to false" time="0.025136">
        </testcase>
        <testcase classname="src/app/features/jobs/job-card/job-card.component.spec.ts" name="JobCardComponent &gt; should show the AI popup when isPopupOpen = true" time="0.0329163">
        </testcase>
        <testcase classname="src/app/features/jobs/job-card/job-card.component.spec.ts" name="JobCardComponent &gt; should hide the AI popup when isPopupOpen = false" time="0.0281692">
        </testcase>
        <testcase classname="src/app/features/jobs/job-card/job-card.component.spec.ts" name="JobCardComponent &gt; should close popup when clicking outside" time="0.0307233">
        </testcase>
        <testcase classname="src/app/features/jobs/job-card/job-card.component.spec.ts" name="JobCardComponent &gt; should NOT close popup when clicking inside popup" time="0.0216374">
        </testcase>
        <testcase classname="src/app/features/jobs/job-card/job-card.component.spec.ts" name="JobCardComponent &gt; getJobSummary should return the first sentence" time="0.0178005">
        </testcase>
        <testcase classname="src/app/features/jobs/job-card/job-card.component.spec.ts" name="JobCardComponent &gt; getJobSummary should truncate long sentences" time="0.0193214">
        </testcase>
        <testcase classname="src/app/features/jobs/job-card/job-card.component.spec.ts" name="JobCardComponent &gt; getJobSummary should return empty string if no description" time="0.0169064">
        </testcase>
    </testsuite>
    <testsuite name="src/app/features/jobs/job-card/job-ai-popup/job-ai-popup.component.spec.ts" timestamp="2025-11-25T01:32:42.581Z" hostname="DESKTOP-9J60L9L" tests="2" failures="0" errors="0" skipped="0" time="0.1106235">
        <testcase classname="src/app/features/jobs/job-card/job-ai-popup/job-ai-popup.component.spec.ts" name="JobAiPopupComponent &gt; should display the explanation text" time="0.0983043">
        </testcase>
        <testcase classname="src/app/features/jobs/job-card/job-ai-popup/job-ai-popup.component.spec.ts" name="JobAiPopupComponent &gt; should emit close event when clicking the button" time="0.0100282">
        </testcase>
    </testsuite>
    <testsuite name="src/app/features/jobs/job-card/job-score/job-score.component.spec.ts" timestamp="2025-11-25T01:32:42.581Z" hostname="DESKTOP-9J60L9L" tests="5" failures="0" errors="0" skipped="0" time="0.166065">
        <testcase classname="src/app/features/jobs/job-card/job-score/job-score.component.spec.ts" name="JobScoreComponent &gt; should display the score as a percentage" time="0.1167921">
        </testcase>
        <testcase classname="src/app/features/jobs/job-card/job-score/job-score.component.spec.ts" name="JobScoreComponent &gt; should apply green color when score &gt;= 0.75" time="0.0109722">
        </testcase>
        <testcase classname="src/app/features/jobs/job-card/job-score/job-score.component.spec.ts" name="JobScoreComponent &gt; should apply yellow color when 0.4 &lt;= score &lt; 0.75" time="0.0062858">
        </testcase>
        <testcase classname="src/app/features/jobs/job-card/job-score/job-score.component.spec.ts" name="JobScoreComponent &gt; should apply red color when score &lt; 0.4" time="0.0069732">
        </testcase>
        <testcase classname="src/app/features/jobs/job-card/job-score/job-score.component.spec.ts" name="JobScoreComponent &gt; should emit infoClick when AI icon is clicked" time="0.0221744">
        </testcase>
    </testsuite>
    <testsuite name="src/app/features/jobs/job-card/job-skills/job-skills.component.spec.ts" timestamp="2025-11-25T01:32:42.582Z" hostname="DESKTOP-9J60L9L" tests="4" failures="0" errors="0" skipped="0" time="0.1434119">
        <testcase classname="src/app/features/jobs/job-card/job-skills/job-skills.component.spec.ts" name="JobSkillsComponent &gt; should display matched skills" time="0.1133419">
        </testcase>
        <testcase classname="src/app/features/jobs/job-card/job-skills/job-skills.component.spec.ts" name="JobSkillsComponent &gt; should display missing skills" time="0.0133789">
        </testcase>
        <testcase classname="src/app/features/jobs/job-card/job-skills/job-skills.component.spec.ts" name="JobSkillsComponent &gt; should show overflow text when skills &gt; 4" time="0.007135">
        </testcase>
        <testcase classname="src/app/features/jobs/job-card/job-skills/job-skills.component.spec.ts" name="JobSkillsComponent &gt; should NOT show overflow text when skills &lt;= 4" time="0.0068871">
        </testcase>
    </testsuite>
    <testsuite name="src/app/features/jobs/job-card/job-tags/job-tags.component.spec.ts" timestamp="2025-11-25T01:32:42.583Z" hostname="DESKTOP-9J60L9L" tests="8" failures="0" errors="0" skipped="0" time="0.3166293">
        <testcase classname="src/app/features/jobs/job-card/job-tags/job-tags.component.spec.ts" name="JobTagsComponent &gt; should display location" time="0.2158057">
        </testcase>
        <testcase classname="src/app/features/jobs/job-card/job-tags/job-tags.component.spec.ts" name="JobTagsComponent &gt; should show &quot;Remote&quot; tag when type is REMOTE" time="0.0136433">
        </testcase>
        <testcase classname="src/app/features/jobs/job-card/job-tags/job-tags.component.spec.ts" name="JobTagsComponent &gt; should show &quot;Hybrid&quot; tag when type is HYBRID" time="0.0231549">
        </testcase>
        <testcase classname="src/app/features/jobs/job-card/job-tags/job-tags.component.spec.ts" name="JobTagsComponent &gt; should show formatted job type when not remote/hybrid" time="0.0186346">
        </testcase>
        <testcase classname="src/app/features/jobs/job-card/job-tags/job-tags.component.spec.ts" name="JobTagsComponent &gt; isRemote should correctly detect REMOTE" time="0.0226614">
        </testcase>
        <testcase classname="src/app/features/jobs/job-card/job-tags/job-tags.component.spec.ts" name="JobTagsComponent &gt; isHybrid should correctly detect HYBRID" time="0.0057812">
        </testcase>
        <testcase classname="src/app/features/jobs/job-card/job-tags/job-tags.component.spec.ts" name="JobTagsComponent &gt; formatJobType should format strings correctly" time="0.007624">
        </testcase>
        <testcase classname="src/app/features/jobs/job-card/job-tags/job-tags.component.spec.ts" name="JobTagsComponent &gt; formatJobType should return empty string when type is null/undefined" time="0.0058707">
        </testcase>
    </testsuite>
</testsuites>
