<?xml version="1.0" encoding="UTF-8" ?>
<testsuites name="vitest tests" tests="4" failures="0" errors="0" time="0.1608716">
    <testsuite name="src/app/features/jobs/jobs-list/jobs-list.component.spec.ts" timestamp="2025-12-20T19:46:48.958Z" hostname="DESKTOP-9J60L9L" tests="4" failures="0" errors="0" skipped="0" time="0.1608716">
        <testcase classname="src/app/features/jobs/jobs-list/jobs-list.component.spec.ts" name="JobsListComponent &gt; should load jobs on init and update the state" time="0.1273689">
        </testcase>
        <testcase classname="src/app/features/jobs/jobs-list/jobs-list.component.spec.ts" name="JobsListComponent &gt; should log error and set isLoading=false when API fails" time="0.0133698">
        </testcase>
        <testcase classname="src/app/features/jobs/jobs-list/jobs-list.component.spec.ts" name="JobsListComponent &gt; should stop loading when no userId is returned" time="0.0106993">
        </testcase>
        <testcase classname="src/app/features/jobs/jobs-list/jobs-list.component.spec.ts" name="JobsListComponent &gt; should load jobs on init and update the state" time="0.0079824">
        </testcase>
    </testsuite>
</testsuites>
