<?xml version="1.0" encoding="UTF-8" ?>
<testsuites name="vitest tests" tests="5" failures="0" errors="0" time="0.0356182">
    <testsuite name="src/app/core/services/__test__/job-details.service.spec.ts" timestamp="2025-12-21T08:02:38.842Z" hostname="DESKTOP-9J60L9L" tests="5" failures="0" errors="0" skipped="0" time="0.0356182">
        <testcase classname="src/app/core/services/__test__/job-details.service.spec.ts" name="JobDetailsService &gt; should be created" time="0.02096">
        </testcase>
        <testcase classname="src/app/core/services/__test__/job-details.service.spec.ts" name="JobDetailsService &gt; should fetch job details successfully" time="0.0063098">
        </testcase>
        <testcase classname="src/app/core/services/__test__/job-details.service.spec.ts" name="JobDetailsService &gt; should propagate error when getJobDetails fails" time="0.0024834">
        </testcase>
        <testcase classname="src/app/core/services/__test__/job-details.service.spec.ts" name="JobDetailsService &gt; should fetch related jobs successfully" time="0.0021182">
        </testcase>
        <testcase classname="src/app/core/services/__test__/job-details.service.spec.ts" name="JobDetailsService &gt; should propagate error when getRelatedJobs fails" time="0.0020256">
        </testcase>
    </testsuite>
</testsuites>
