<?xml version="1.0" encoding="UTF-8" ?>
<testsuites name="vitest tests" tests="45" failures="0" errors="0" time="2.589466">
    <testsuite name="src/app/app.spec.ts" timestamp="2025-11-05T13:12:57.080Z" hostname="DESKTOP-9J60L9L" tests="3" failures="0" errors="0" skipped="0" time="0.1086086">
        <testcase classname="src/app/app.spec.ts" name="App &gt; should create the app" time="0.0827434">
        </testcase>
        <testcase classname="src/app/app.spec.ts" name="App &gt; should render a router outlet" time="0.0146824">
        </testcase>
        <testcase classname="src/app/app.spec.ts" name="App &gt; should call AOS.init on ngOnInit" time="0.0089272">
        </testcase>
    </testsuite>
    <testsuite name="src/app/features/jobs/jobs.service.spec.ts" timestamp="2025-11-05T13:12:57.083Z" hostname="DESKTOP-9J60L9L" tests="1" failures="0" errors="0" skipped="0" time="0.0471961">
        <testcase classname="src/app/features/jobs/jobs.service.spec.ts" name="JobsService &gt; should fetch all jobs from API" time="0.0445398">
        </testcase>
    </testsuite>
    <testsuite name="src/app/features/home/home.component.spec.ts" timestamp="2025-11-05T13:12:57.084Z" hostname="DESKTOP-9J60L9L" tests="2" failures="0" errors="0" skipped="0" time="0.3527905">
        <testcase classname="src/app/features/home/home.component.spec.ts" name="HomeComponent &gt; should create the component" time="0.2730886">
        </testcase>
        <testcase classname="src/app/features/home/home.component.spec.ts" name="HomeComponent &gt; should render all homepage components" time="0.0767064">
        </testcase>
    </testsuite>
    <testsuite name="src/app/layout/main-layout/main-layout.component.spec.ts" timestamp="2025-11-05T13:12:57.085Z" hostname="DESKTOP-9J60L9L" tests="2" failures="0" errors="0" skipped="0" time="0.248189">
        <testcase classname="src/app/layout/main-layout/main-layout.component.spec.ts" name="MainLayoutComponent &gt; should create the layout component" time="0.2209465">
        </testcase>
        <testcase classname="src/app/layout/main-layout/main-layout.component.spec.ts" name="MainLayoutComponent &gt; should render navbar, router-outlet, and footer" time="0.0249263">
        </testcase>
    </testsuite>
    <testsuite name="src/app/features/jobs/jobs-list/jobs-list.component.spec.ts" timestamp="2025-11-05T13:12:57.085Z" hostname="DESKTOP-9J60L9L" tests="3" failures="0" errors="0" skipped="0" time="0.3024503">
        <testcase classname="src/app/features/jobs/jobs-list/jobs-list.component.spec.ts" name="JobsListComponent &gt; should create the component" time="0.2088404">
        </testcase>
        <testcase classname="src/app/features/jobs/jobs-list/jobs-list.component.spec.ts" name="JobsListComponent &gt; should load jobs on init and update the state" time="0.0446789">
        </testcase>
        <testcase classname="src/app/features/jobs/jobs-list/jobs-list.component.spec.ts" name="JobsListComponent &gt; should log error and set isLoading=false when API fails" time="0.046268">
        </testcase>
    </testsuite>
    <testsuite name="src/app/features/home/call-to-action-section/call-to-action-section.component.spec.ts" timestamp="2025-11-05T13:12:57.086Z" hostname="DESKTOP-9J60L9L" tests="5" failures="0" errors="0" skipped="0" time="0.1641278">
        <testcase classname="src/app/features/home/call-to-action-section/call-to-action-section.component.spec.ts" name="CallToActionSectionComponent &gt; it should create the component" time="0.1076507">
        </testcase>
        <testcase classname="src/app/features/home/call-to-action-section/call-to-action-section.component.spec.ts" name="CallToActionSectionComponent &gt; should render the title" time="0.0092079">
        </testcase>
        <testcase classname="src/app/features/home/call-to-action-section/call-to-action-section.component.spec.ts" name="CallToActionSectionComponent &gt; should render the description" time="0.0087756">
        </testcase>
        <testcase classname="src/app/features/home/call-to-action-section/call-to-action-section.component.spec.ts" name="CallToActionSectionComponent &gt; should render the call to action button" time="0.0210461">
        </testcase>
        <testcase classname="src/app/features/home/call-to-action-section/call-to-action-section.component.spec.ts" name="CallToActionSectionComponent &gt; should render the background visual elements" time="0.0149739">
        </testcase>
    </testsuite>
    <testsuite name="src/app/features/home/carousel-section/carousel-section.component.spec.ts" timestamp="2025-11-05T13:12:57.088Z" hostname="DESKTOP-9J60L9L" tests="4" failures="0" errors="0" skipped="0" time="0.2725348">
        <testcase classname="src/app/features/home/carousel-section/carousel-section.component.spec.ts" name="CarouselSectionComponent &gt; should create the component" time="0.1866254">
        </testcase>
        <testcase classname="src/app/features/home/carousel-section/carousel-section.component.spec.ts" name="CarouselSectionComponent &gt; should have 5 testmonials defined" time="0.0192064">
        </testcase>
        <testcase classname="src/app/features/home/carousel-section/carousel-section.component.spec.ts" name="CarouselSectionComponent &gt; should render all testimonials twice for seamless loop" time="0.03345">
        </testcase>
        <testcase classname="src/app/features/home/carousel-section/carousel-section.component.spec.ts" name="CarouselSectionComponent &gt; should render testimonial name and role correctly" time="0.0259587">
        </testcase>
    </testsuite>
    <testsuite name="src/app/features/home/hero-section/hero-section.component.spec.ts" timestamp="2025-11-05T13:12:57.088Z" hostname="DESKTOP-9J60L9L" tests="7" failures="0" errors="0" skipped="0" time="0.1935019">
        <testcase classname="src/app/features/home/hero-section/hero-section.component.spec.ts" name="HeroSectionComponent &gt; should create the component" time="0.1116085">
        </testcase>
        <testcase classname="src/app/features/home/hero-section/hero-section.component.spec.ts" name="HeroSectionComponent &gt; should render correct heading text" time="0.026761">
        </testcase>
        <testcase classname="src/app/features/home/hero-section/hero-section.component.spec.ts" name="HeroSectionComponent &gt; should render subtext correctly" time="0.0113936">
        </testcase>
        <testcase classname="src/app/features/home/hero-section/hero-section.component.spec.ts" name="HeroSectionComponent &gt; should have &quot;Explore Jobs&quot; with correct routerLink" time="0.0109467">
        </testcase>
        <testcase classname="src/app/features/home/hero-section/hero-section.component.spec.ts" name="HeroSectionComponent &gt; should have &quot;Create Profile&quot; link with correct routerLink" time="0.0073471">
        </testcase>
        <testcase classname="src/app/features/home/hero-section/hero-section.component.spec.ts" name="HeroSectionComponent &gt; should render hero image with alt text and src" time="0.0102489">
        </testcase>
        <testcase classname="src/app/features/home/hero-section/hero-section.component.spec.ts" name="HeroSectionComponent &gt; should call AOS.init on ngOnInit" time="0.0115191">
        </testcase>
    </testsuite>
    <testsuite name="src/app/features/home/how-it-works-section/how-it-works-section.component.spec.ts" timestamp="2025-11-05T13:12:57.090Z" hostname="DESKTOP-9J60L9L" tests="6" failures="0" errors="0" skipped="0" time="0.3330392">
        <testcase classname="src/app/features/home/how-it-works-section/how-it-works-section.component.spec.ts" name="HowItWorksSectionComponent &gt; should create the component" time="0.2211161">
        </testcase>
        <testcase classname="src/app/features/home/how-it-works-section/how-it-works-section.component.spec.ts" name="HowItWorksSectionComponent &gt; should render 3 steps" time="0.0273547">
        </testcase>
        <testcase classname="src/app/features/home/how-it-works-section/how-it-works-section.component.spec.ts" name="HowItWorksSectionComponent &gt; should render correct titles and descriptions for each step" time="0.0275253">
        </testcase>
        <testcase classname="src/app/features/home/how-it-works-section/how-it-works-section.component.spec.ts" name="HowItWorksSectionComponent &gt; should inject save SVG into each step" time="0.0205856">
        </testcase>
        <testcase classname="src/app/features/home/how-it-works-section/how-it-works-section.component.spec.ts" name="HowItWorksSectionComponent &gt; should set data-delay attribute on each step" time="0.0180923">
        </testcase>
        <testcase classname="src/app/features/home/how-it-works-section/how-it-works-section.component.spec.ts" name="HowItWorksSectionComponent &gt; should sanitize SVG string correctly" time="0.0150175">
        </testcase>
    </testsuite>
    <testsuite name="src/app/shared/components/navbar/navbar.component.spec.ts" timestamp="2025-11-05T13:12:57.091Z" hostname="DESKTOP-9J60L9L" tests="5" failures="0" errors="0" skipped="0" time="0.326773">
        <testcase classname="src/app/shared/components/navbar/navbar.component.spec.ts" name="NavbarComponent &gt; should create the component" time="0.1927055">
        </testcase>
        <testcase classname="src/app/shared/components/navbar/navbar.component.spec.ts" name="NavbarComponent &gt; should display the logo image" time="0.0275428">
        </testcase>
        <testcase classname="src/app/shared/components/navbar/navbar.component.spec.ts" name="NavbarComponent &gt; should have routerLink for Jobs, Dashboard, and Profile" time="0.0206419">
        </testcase>
        <testcase classname="src/app/shared/components/navbar/navbar.component.spec.ts" name="NavbarComponent &gt; should have routerLink for Login and Sign Up" time="0.0158233">
        </testcase>
        <testcase classname="src/app/shared/components/navbar/navbar.component.spec.ts" name="NavbarComponent &gt; should toggle mobile menu visibility in the DOM" time="0.0571921">
        </testcase>
    </testsuite>
    <testsuite name="src/app/shared/components/footer/footer.component.spec.ts" timestamp="2025-11-05T13:12:57.092Z" hostname="DESKTOP-9J60L9L" tests="7" failures="0" errors="0" skipped="0" time="0.2402548">
        <testcase classname="src/app/shared/components/footer/footer.component.spec.ts" name="FooterComponent &gt; should create the component" time="0.1533947">
        </testcase>
        <testcase classname="src/app/shared/components/footer/footer.component.spec.ts" name="FooterComponent &gt; should render current year correctly" time="0.0124022">
        </testcase>
        <testcase classname="src/app/shared/components/footer/footer.component.spec.ts" name="FooterComponent &gt; should render CareerPath brand section" time="0.0179044">
        </testcase>
        <testcase classname="src/app/shared/components/footer/footer.component.spec.ts" name="FooterComponent &gt; should render contact information" time="0.0099077">
        </testcase>
        <testcase classname="src/app/shared/components/footer/footer.component.spec.ts" name="FooterComponent &gt; should have routerLink to /jobs and /profile" time="0.0130931">
        </testcase>
        <testcase classname="src/app/shared/components/footer/footer.component.spec.ts" name="FooterComponent &gt; should scroll to top on logo button click" time="0.0184505">
        </testcase>
        <testcase classname="src/app/shared/components/footer/footer.component.spec.ts" name="FooterComponent &gt; should render 3 social media icons with correct links" time="0.0124221">
        </testcase>
    </testsuite>
</testsuites>
