<?xml version="1.0" encoding="UTF-8" ?>
<testsuites name="vitest tests" tests="4" failures="0" errors="0" time="0.0304029">
    <testsuite name="src/app/core/resolvers/__test__/job-details.resolver.spec.ts" timestamp="2025-12-21T08:22:15.135Z" hostname="DESKTOP-9J60L9L" tests="4" failures="0" errors="0" skipped="0" time="0.0304029">
        <testcase classname="src/app/core/resolvers/__test__/job-details.resolver.spec.ts" name="jobDetailsResolver &gt; should navigate to not-found when jobId is missing" time="0.0218006">
        </testcase>
        <testcase classname="src/app/core/resolvers/__test__/job-details.resolver.spec.ts" name="jobDetailsResolver &gt; should return job details when service succeeds" time="0.003371">
        </testcase>
        <testcase classname="src/app/core/resolvers/__test__/job-details.resolver.spec.ts" name="jobDetailsResolver &gt; should navigate to not-found when service returns 404" time="0.0019067">
        </testcase>
        <testcase classname="src/app/core/resolvers/__test__/job-details.resolver.spec.ts" name="jobDetailsResolver &gt; should return null without redirect for non-404 errors" time="0.0017163">
        </testcase>
    </testsuite>
</testsuites>
