<?xml version="1.0" encoding="UTF-8" ?>
<testsuites name="vitest tests" tests="78" failures="0" errors="0" time="6.0430901">
    <testsuite name="src/app/app.spec.ts" timestamp="2025-12-02T13:45:18.479Z" hostname="DESKTOP-9J60L9L" tests="3" failures="0" errors="0" skipped="0" time="0.094232">
        <testcase classname="src/app/app.spec.ts" name="App &gt; should create the app" time="0.0678848">
        </testcase>
        <testcase classname="src/app/app.spec.ts" name="App &gt; should render a router outlet" time="0.0114759">
        </testcase>
        <testcase classname="src/app/app.spec.ts" name="App &gt; should call AOS.init on ngOnInit" time="0.0122914">
        </testcase>
    </testsuite>
    <testsuite name="src/app/shared/pipes/time-ago.pipe.spec.ts" timestamp="2025-12-02T13:45:18.481Z" hostname="DESKTOP-9J60L9L" tests="5" failures="0" errors="0" skipped="0" time="0.008255">
        <testcase classname="src/app/shared/pipes/time-ago.pipe.spec.ts" name="TimeAgoPipe &gt; should return empty string if no value is provided" time="0.0031564">
        </testcase>
        <testcase classname="src/app/shared/pipes/time-ago.pipe.spec.ts" name="TimeAgoPipe &gt; should return &quot;Just now&quot; when less than 1 minute ago" time="0.0006797">
        </testcase>
        <testcase classname="src/app/shared/pipes/time-ago.pipe.spec.ts" name="TimeAgoPipe &gt; should return minutes ago" time="0.0005563">
        </testcase>
        <testcase classname="src/app/shared/pipes/time-ago.pipe.spec.ts" name="TimeAgoPipe &gt; should return hours ago" time="0.0004587">
        </testcase>
        <testcase classname="src/app/shared/pipes/time-ago.pipe.spec.ts" name="TimeAgoPipe &gt; should return days ago" time="0.0004217">
        </testcase>
    </testsuite>
    <testsuite name="src/app/layout/main-layout/main-layout.component.spec.ts" timestamp="2025-12-02T13:45:18.484Z" hostname="DESKTOP-9J60L9L" tests="2" failures="0" errors="0" skipped="0" time="0.9564695">
        <testcase classname="src/app/layout/main-layout/main-layout.component.spec.ts" name="MainLayoutComponent &gt; should create the layout component" time="0.856993">
        </testcase>
        <testcase classname="src/app/layout/main-layout/main-layout.component.spec.ts" name="MainLayoutComponent &gt; should render navbar, router-outlet, and footer" time="0.0684553">
        </testcase>
    </testsuite>
    <testsuite name="src/app/features/jobs/jobs.service.spec.ts" timestamp="2025-12-02T13:45:18.485Z" hostname="DESKTOP-9J60L9L" tests="1" failures="0" errors="0" skipped="0" time="0.0301024">
        <testcase classname="src/app/features/jobs/jobs.service.spec.ts" name="JobsService &gt; should fetch recommended jobs by userId" time="0.0270165">
        </testcase>
    </testsuite>
    <testsuite name="src/app/features/home/home.component.spec.ts" timestamp="2025-12-02T13:45:18.487Z" hostname="DESKTOP-9J60L9L" tests="2" failures="0" errors="0" skipped="0" time="0.8668781">
        <testcase classname="src/app/features/home/home.component.spec.ts" name="HomeComponent &gt; should create the component" time="0.6868611">
        </testcase>
        <testcase classname="src/app/features/home/home.component.spec.ts" name="HomeComponent &gt; should render all homepage components" time="0.1772956">
        </testcase>
    </testsuite>
    <testsuite name="src/app/shared/components/navbar/navbar.component.spec.ts" timestamp="2025-12-02T13:45:18.488Z" hostname="DESKTOP-9J60L9L" tests="5" failures="0" errors="0" skipped="0" time="0.6048612">
        <testcase classname="src/app/shared/components/navbar/navbar.component.spec.ts" name="NavbarComponent &gt; should create the component" time="0.2990558">
        </testcase>
        <testcase classname="src/app/shared/components/navbar/navbar.component.spec.ts" name="NavbarComponent &gt; should display the logo image" time="0.046482">
        </testcase>
        <testcase classname="src/app/shared/components/navbar/navbar.component.spec.ts" name="NavbarComponent &gt; should have routerLink for Jobs, Dashboard, and Profile" time="0.027659">
        </testcase>
        <testcase classname="src/app/shared/components/navbar/navbar.component.spec.ts" name="NavbarComponent &gt; should have routerLink for Login and Sign Up" time="0.0254204">
        </testcase>
        <testcase classname="src/app/shared/components/navbar/navbar.component.spec.ts" name="NavbarComponent &gt; should toggle mobile menu visibility in the DOM" time="0.2013292">
        </testcase>
    </testsuite>
    <testsuite name="src/app/shared/components/footer/footer.component.spec.ts" timestamp="2025-12-02T13:45:18.489Z" hostname="DESKTOP-9J60L9L" tests="7" failures="0" errors="0" skipped="0" time="0.3889257">
        <testcase classname="src/app/shared/components/footer/footer.component.spec.ts" name="FooterComponent &gt; should create the component" time="0.2010084">
        </testcase>
        <testcase classname="src/app/shared/components/footer/footer.component.spec.ts" name="FooterComponent &gt; should render current year correctly" time="0.0168405">
        </testcase>
        <testcase classname="src/app/shared/components/footer/footer.component.spec.ts" name="FooterComponent &gt; should render CareerPath brand section" time="0.0502153">
        </testcase>
        <testcase classname="src/app/shared/components/footer/footer.component.spec.ts" name="FooterComponent &gt; should render contact information" time="0.0191011">
        </testcase>
        <testcase classname="src/app/shared/components/footer/footer.component.spec.ts" name="FooterComponent &gt; should have routerLink to /jobs and /profile" time="0.0514243">
        </testcase>
        <testcase classname="src/app/shared/components/footer/footer.component.spec.ts" name="FooterComponent &gt; should scroll to top on logo button click" time="0.0275111">
        </testcase>
        <testcase classname="src/app/shared/components/footer/footer.component.spec.ts" name="FooterComponent &gt; should render 3 social media icons with correct links" time="0.0179893">
        </testcase>
    </testsuite>
    <testsuite name="src/app/features/jobs/job-card/job-card.component.spec.ts" timestamp="2025-12-02T13:45:18.492Z" hostname="DESKTOP-9J60L9L" tests="10" failures="0" errors="0" skipped="0" time="0.7294654">
        <testcase classname="src/app/features/jobs/job-card/job-card.component.spec.ts" name="JobCardComponent &gt; should create component" time="0.3502345">
        </testcase>
        <testcase classname="src/app/features/jobs/job-card/job-card.component.spec.ts" name="JobCardComponent &gt; togglePopup should switch isPopupOpen" time="0.1125948">
            <system-out>
TOGGLE POPUP FIRED
TOGGLE POPUP FIRED

            </system-out>
        </testcase>
        <testcase classname="src/app/features/jobs/job-card/job-card.component.spec.ts" name="JobCardComponent &gt; closePopup should set isPopupOpen to false" time="0.0199059">
        </testcase>
        <testcase classname="src/app/features/jobs/job-card/job-card.component.spec.ts" name="JobCardComponent &gt; should show the AI popup when isPopupOpen = true" time="0.0478009">
        </testcase>
        <testcase classname="src/app/features/jobs/job-card/job-card.component.spec.ts" name="JobCardComponent &gt; should hide the AI popup when isPopupOpen = false" time="0.0294924">
        </testcase>
        <testcase classname="src/app/features/jobs/job-card/job-card.component.spec.ts" name="JobCardComponent &gt; should close popup when clicking outside" time="0.0318362">
        </testcase>
        <testcase classname="src/app/features/jobs/job-card/job-card.component.spec.ts" name="JobCardComponent &gt; should NOT close popup when clicking inside popup" time="0.0330288">
        </testcase>
        <testcase classname="src/app/features/jobs/job-card/job-card.component.spec.ts" name="JobCardComponent &gt; getJobSummary should return the first sentence" time="0.028826">
        </testcase>
        <testcase classname="src/app/features/jobs/job-card/job-card.component.spec.ts" name="JobCardComponent &gt; getJobSummary should truncate long sentences" time="0.0302363">
        </testcase>
        <testcase classname="src/app/features/jobs/job-card/job-card.component.spec.ts" name="JobCardComponent &gt; getJobSummary should return empty string if no description" time="0.0414187">
        </testcase>
    </testsuite>
    <testsuite name="src/app/features/jobs/jobs-list/jobs-list.component.spec.ts" timestamp="2025-12-02T13:45:18.495Z" hostname="DESKTOP-9J60L9L" tests="2" failures="0" errors="0" skipped="0" time="0.2945958">
        <testcase classname="src/app/features/jobs/jobs-list/jobs-list.component.spec.ts" name="JobsListComponent &gt; should load jobs on init and update the state" time="0.2561547">
        </testcase>
        <testcase classname="src/app/features/jobs/jobs-list/jobs-list.component.spec.ts" name="JobsListComponent &gt; should log error and set isLoading=false when API fails" time="0.0357106">
        </testcase>
    </testsuite>
    <testsuite name="src/app/features/home/call-to-action-section/call-to-action-section.component.spec.ts" timestamp="2025-12-02T13:45:18.496Z" hostname="DESKTOP-9J60L9L" tests="5" failures="0" errors="0" skipped="0" time="0.1086315">
        <testcase classname="src/app/features/home/call-to-action-section/call-to-action-section.component.spec.ts" name="CallToActionSectionComponent &gt; it should create the component" time="0.0714832">
        </testcase>
        <testcase classname="src/app/features/home/call-to-action-section/call-to-action-section.component.spec.ts" name="CallToActionSectionComponent &gt; should render the title" time="0.00874">
        </testcase>
        <testcase classname="src/app/features/home/call-to-action-section/call-to-action-section.component.spec.ts" name="CallToActionSectionComponent &gt; should render the description" time="0.0070055">
        </testcase>
        <testcase classname="src/app/features/home/call-to-action-section/call-to-action-section.component.spec.ts" name="CallToActionSectionComponent &gt; should render the call to action button" time="0.0091509">
        </testcase>
        <testcase classname="src/app/features/home/call-to-action-section/call-to-action-section.component.spec.ts" name="CallToActionSectionComponent &gt; should render the background visual elements" time="0.0099714">
        </testcase>
    </testsuite>
    <testsuite name="src/app/features/home/hero-section/hero-section.component.spec.ts" timestamp="2025-12-02T13:45:18.498Z" hostname="DESKTOP-9J60L9L" tests="7" failures="0" errors="0" skipped="0" time="0.31995">
        <testcase classname="src/app/features/home/hero-section/hero-section.component.spec.ts" name="HeroSectionComponent &gt; should create the component" time="0.2021186">
        </testcase>
        <testcase classname="src/app/features/home/hero-section/hero-section.component.spec.ts" name="HeroSectionComponent &gt; should render correct heading text" time="0.0280687">
        </testcase>
        <testcase classname="src/app/features/home/hero-section/hero-section.component.spec.ts" name="HeroSectionComponent &gt; should render subtext correctly" time="0.0164373">
        </testcase>
        <testcase classname="src/app/features/home/hero-section/hero-section.component.spec.ts" name="HeroSectionComponent &gt; should have &quot;Explore Jobs&quot; with correct routerLink" time="0.0172013">
        </testcase>
        <testcase classname="src/app/features/home/hero-section/hero-section.component.spec.ts" name="HeroSectionComponent &gt; should have &quot;Create Profile&quot; link with correct routerLink" time="0.0177142">
        </testcase>
        <testcase classname="src/app/features/home/hero-section/hero-section.component.spec.ts" name="HeroSectionComponent &gt; should render hero image with alt text and src" time="0.0220545">
        </testcase>
        <testcase classname="src/app/features/home/hero-section/hero-section.component.spec.ts" name="HeroSectionComponent &gt; should call AOS.init on ngOnInit" time="0.0127922">
        </testcase>
    </testsuite>
    <testsuite name="src/app/features/home/how-it-works-section/how-it-works-section.component.spec.ts" timestamp="2025-12-02T13:45:18.501Z" hostname="DESKTOP-9J60L9L" tests="6" failures="0" errors="0" skipped="0" time="0.4302462">
        <testcase classname="src/app/features/home/how-it-works-section/how-it-works-section.component.spec.ts" name="HowItWorksSectionComponent &gt; should create the component" time="0.2485032">
        </testcase>
        <testcase classname="src/app/features/home/how-it-works-section/how-it-works-section.component.spec.ts" name="HowItWorksSectionComponent &gt; should render 3 steps" time="0.0698071">
        </testcase>
        <testcase classname="src/app/features/home/how-it-works-section/how-it-works-section.component.spec.ts" name="HowItWorksSectionComponent &gt; should render correct titles and descriptions for each step" time="0.0269332">
        </testcase>
        <testcase classname="src/app/features/home/how-it-works-section/how-it-works-section.component.spec.ts" name="HowItWorksSectionComponent &gt; should inject save SVG into each step" time="0.0285928">
        </testcase>
        <testcase classname="src/app/features/home/how-it-works-section/how-it-works-section.component.spec.ts" name="HowItWorksSectionComponent &gt; should set data-delay attribute on each step" time="0.0313689">
        </testcase>
        <testcase classname="src/app/features/home/how-it-works-section/how-it-works-section.component.spec.ts" name="HowItWorksSectionComponent &gt; should sanitize SVG string correctly" time="0.0216409">
        </testcase>
    </testsuite>
    <testsuite name="src/app/features/home/carousel-section/carousel-section.component.spec.ts" timestamp="2025-12-02T13:45:18.502Z" hostname="DESKTOP-9J60L9L" tests="4" failures="0" errors="0" skipped="0" time="0.4007365">
        <testcase classname="src/app/features/home/carousel-section/carousel-section.component.spec.ts" name="CarouselSectionComponent &gt; should create the component" time="0.2753419">
        </testcase>
        <testcase classname="src/app/features/home/carousel-section/carousel-section.component.spec.ts" name="CarouselSectionComponent &gt; should have 5 testmonials defined" time="0.0273225">
        </testcase>
        <testcase classname="src/app/features/home/carousel-section/carousel-section.component.spec.ts" name="CarouselSectionComponent &gt; should render all testimonials twice for seamless loop" time="0.0438401">
        </testcase>
        <testcase classname="src/app/features/home/carousel-section/carousel-section.component.spec.ts" name="CarouselSectionComponent &gt; should render testimonial name and role correctly" time="0.0511987">
        </testcase>
    </testsuite>
    <testsuite name="src/app/features/jobs/job-card/job-ai-popup/job-ai-popup.component.spec.ts" timestamp="2025-12-02T13:45:18.504Z" hostname="DESKTOP-9J60L9L" tests="2" failures="0" errors="0" skipped="0" time="0.1133221">
        <testcase classname="src/app/features/jobs/job-card/job-ai-popup/job-ai-popup.component.spec.ts" name="JobAiPopupComponent &gt; should display the explanation text" time="0.0968445">
        </testcase>
        <testcase classname="src/app/features/jobs/job-card/job-ai-popup/job-ai-popup.component.spec.ts" name="JobAiPopupComponent &gt; should emit close event when clicking the button" time="0.0139502">
        </testcase>
    </testsuite>
    <testsuite name="src/app/features/jobs/job-card/job-score/job-score.component.spec.ts" timestamp="2025-12-02T13:45:18.505Z" hostname="DESKTOP-9J60L9L" tests="5" failures="0" errors="0" skipped="0" time="0.2780046">
        <testcase classname="src/app/features/jobs/job-card/job-score/job-score.component.spec.ts" name="JobScoreComponent &gt; should display the score as a percentage" time="0.1841112">
        </testcase>
        <testcase classname="src/app/features/jobs/job-card/job-score/job-score.component.spec.ts" name="JobScoreComponent &gt; should apply green color when score &gt;= 0.75" time="0.0152502">
        </testcase>
        <testcase classname="src/app/features/jobs/job-card/job-score/job-score.component.spec.ts" name="JobScoreComponent &gt; should apply yellow color when 0.4 &lt;= score &lt; 0.75" time="0.0095849">
        </testcase>
        <testcase classname="src/app/features/jobs/job-card/job-score/job-score.component.spec.ts" name="JobScoreComponent &gt; should apply red color when score &lt; 0.4" time="0.0209994">
        </testcase>
        <testcase classname="src/app/features/jobs/job-card/job-score/job-score.component.spec.ts" name="JobScoreComponent &gt; should emit infoClick when AI icon is clicked" time="0.0413499">
        </testcase>
    </testsuite>
    <testsuite name="src/app/features/jobs/job-card/job-skills/job-skills.component.spec.ts" timestamp="2025-12-02T13:45:18.507Z" hostname="DESKTOP-9J60L9L" tests="4" failures="0" errors="0" skipped="0" time="0.1334835">
        <testcase classname="src/app/features/jobs/job-card/job-skills/job-skills.component.spec.ts" name="JobSkillsComponent &gt; should display matched skills" time="0.1140646">
        </testcase>
        <testcase classname="src/app/features/jobs/job-card/job-skills/job-skills.component.spec.ts" name="JobSkillsComponent &gt; should display missing skills" time="0.0074331">
        </testcase>
        <testcase classname="src/app/features/jobs/job-card/job-skills/job-skills.component.spec.ts" name="JobSkillsComponent &gt; should show overflow text when skills &gt; 4" time="0.0049956">
        </testcase>
        <testcase classname="src/app/features/jobs/job-card/job-skills/job-skills.component.spec.ts" name="JobSkillsComponent &gt; should NOT show overflow text when skills &lt;= 4" time="0.0046558">
        </testcase>
    </testsuite>
    <testsuite name="src/app/features/jobs/job-card/job-tags/job-tags.component.spec.ts" timestamp="2025-12-02T13:45:18.508Z" hostname="DESKTOP-9J60L9L" tests="8" failures="0" errors="0" skipped="0" time="0.2849306">
        <testcase classname="src/app/features/jobs/job-card/job-tags/job-tags.component.spec.ts" name="JobTagsComponent &gt; should display location" time="0.1988453">
        </testcase>
        <testcase classname="src/app/features/jobs/job-card/job-tags/job-tags.component.spec.ts" name="JobTagsComponent &gt; should show &quot;Remote&quot; tag when type is REMOTE" time="0.01656">
        </testcase>
        <testcase classname="src/app/features/jobs/job-card/job-tags/job-tags.component.spec.ts" name="JobTagsComponent &gt; should show &quot;Hybrid&quot; tag when type is HYBRID" time="0.0144398">
        </testcase>
        <testcase classname="src/app/features/jobs/job-card/job-tags/job-tags.component.spec.ts" name="JobTagsComponent &gt; should show formatted job type when not remote/hybrid" time="0.0108736">
        </testcase>
        <testcase classname="src/app/features/jobs/job-card/job-tags/job-tags.component.spec.ts" name="JobTagsComponent &gt; isRemote should correctly detect REMOTE" time="0.010693">
        </testcase>
        <testcase classname="src/app/features/jobs/job-card/job-tags/job-tags.component.spec.ts" name="JobTagsComponent &gt; isHybrid should correctly detect HYBRID" time="0.0106677">
        </testcase>
        <testcase classname="src/app/features/jobs/job-card/job-tags/job-tags.component.spec.ts" name="JobTagsComponent &gt; formatJobType should format strings correctly" time="0.0111802">
        </testcase>
        <testcase classname="src/app/features/jobs/job-card/job-tags/job-tags.component.spec.ts" name="JobTagsComponent &gt; formatJobType should return empty string when type is null/undefined" time="0.0082667">
        </testcase>
    </testsuite>
</testsuites>
